<?xml version="1.0" encoding="UTF-8"?>
<testsuite xmlns:xsi="http://www.w3.org/2001/XMLSchema-instance" xsi:noNamespaceSchemaLocation="https://maven.apache.org/surefire/maven-surefire-plugin/xsd/surefire-test-report.xsd" name="pl.powiescdosukcesu.book.BookControllerTest" time="0.929" tests="6" errors="0" skipped="0" failures="4">
  <properties>
    <property name="sun.desktop" value="gnome"/>
    <property name="awt.toolkit" value="sun.awt.X11.XToolkit"/>
    <property name="java.specification.version" value="12"/>
    <property name="sun.jnu.encoding" value="UTF-8"/>
    <property name="java.class.path" value="/home/robertdev/Downloads/PowiescAPI-master/powiesciREST/target/test-classes:/home/robertdev/Downloads/PowiescAPI-master/powiesciREST/target/classes:/home/robertdev/.m2/repository/org/springframework/boot/spring-boot-starter-actuator/2.1.1.RELEASE/spring-boot-starter-actuator-2.1.1.RELEASE.jar:/home/robertdev/.m2/repository/org/springframework/boot/spring-boot-starter/2.1.1.RELEASE/spring-boot-starter-2.1.1.RELEASE.jar:/home/robertdev/.m2/repository/org/springframework/boot/spring-boot-starter-logging/2.1.1.RELEASE/spring-boot-starter-logging-2.1.1.RELEASE.jar:/home/robertdev/.m2/repository/ch/qos/logback/logback-classic/1.2.3/logback-classic-1.2.3.jar:/home/robertdev/.m2/repository/ch/qos/logback/logback-core/1.2.3/logback-core-1.2.3.jar:/home/robertdev/.m2/repository/org/apache/logging/log4j/log4j-to-slf4j/2.11.1/log4j-to-slf4j-2.11.1.jar:/home/robertdev/.m2/repository/org/apache/logging/log4j/log4j-api/2.11.1/log4j-api-2.11.1.jar:/home/robertdev/.m2/repository/org/slf4j/jul-to-slf4j/1.7.25/jul-to-slf4j-1.7.25.jar:/home/robertdev/.m2/repository/javax/annotation/javax.annotation-api/1.3.2/javax.annotation-api-1.3.2.jar:/home/robertdev/.m2/repository/org/yaml/snakeyaml/1.23/snakeyaml-1.23.jar:/home/robertdev/.m2/repository/org/springframework/boot/spring-boot-actuator-autoconfigure/2.1.1.RELEASE/spring-boot-actuator-autoconfigure-2.1.1.RELEASE.jar:/home/robertdev/.m2/repository/org/springframework/boot/spring-boot-actuator/2.1.1.RELEASE/spring-boot-actuator-2.1.1.RELEASE.jar:/home/robertdev/.m2/repository/com/fasterxml/jackson/datatype/jackson-datatype-jsr310/2.9.7/jackson-datatype-jsr310-2.9.7.jar:/home/robertdev/.m2/repository/io/micrometer/micrometer-core/1.1.1/micrometer-core-1.1.1.jar:/home/robertdev/.m2/repository/org/hdrhistogram/HdrHistogram/2.1.9/HdrHistogram-2.1.9.jar:/home/robertdev/.m2/repository/org/latencyutils/LatencyUtils/2.0.3/LatencyUtils-2.0.3.jar:/home/robertdev/.m2/repository/org/springframework/boot/spring-boot-starter-aop/2.1.1.RELEASE/spring-boot-starter-aop-2.1.1.RELEASE.jar:/home/robertdev/.m2/repository/org/springframework/spring-aop/5.1.3.RELEASE/spring-aop-5.1.3.RELEASE.jar:/home/robertdev/.m2/repository/org/aspectj/aspectjweaver/1.9.2/aspectjweaver-1.9.2.jar:/home/robertdev/.m2/repository/org/springframework/boot/spring-boot-starter-cache/2.1.1.RELEASE/spring-boot-starter-cache-2.1.1.RELEASE.jar:/home/robertdev/.m2/repository/org/springframework/spring-context-support/5.1.3.RELEASE/spring-context-support-5.1.3.RELEASE.jar:/home/robertdev/.m2/repository/org/springframework/boot/spring-boot-starter-data-jpa/2.1.1.RELEASE/spring-boot-starter-data-jpa-2.1.1.RELEASE.jar:/home/robertdev/.m2/repository/org/springframework/boot/spring-boot-starter-jdbc/2.1.1.RELEASE/spring-boot-starter-jdbc-2.1.1.RELEASE.jar:/home/robertdev/.m2/repository/com/zaxxer/HikariCP/3.2.0/HikariCP-3.2.0.jar:/home/robertdev/.m2/repository/org/springframework/spring-jdbc/5.1.3.RELEASE/spring-jdbc-5.1.3.RELEASE.jar:/home/robertdev/.m2/repository/javax/transaction/javax.transaction-api/1.3/javax.transaction-api-1.3.jar:/home/robertdev/.m2/repository/org/hibernate/hibernate-core/5.3.7.Final/hibernate-core-5.3.7.Final.jar:/home/robertdev/.m2/repository/org/jboss/logging/jboss-logging/3.3.2.Final/jboss-logging-3.3.2.Final.jar:/home/robertdev/.m2/repository/javax/persistence/javax.persistence-api/2.2/javax.persistence-api-2.2.jar:/home/robertdev/.m2/repository/org/javassist/javassist/3.23.1-GA/javassist-3.23.1-GA.jar:/home/robertdev/.m2/repository/antlr/antlr/2.7.7/antlr-2.7.7.jar:/home/robertdev/.m2/repository/org/jboss/jandex/2.0.5.Final/jandex-2.0.5.Final.jar:/home/robertdev/.m2/repository/com/fasterxml/classmate/1.4.0/classmate-1.4.0.jar:/home/robertdev/.m2/repository/org/dom4j/dom4j/2.1.1/dom4j-2.1.1.jar:/home/robertdev/.m2/repository/org/hibernate/common/hibernate-commons-annotations/5.0.4.Final/hibernate-commons-annotations-5.0.4.Final.jar:/home/robertdev/.m2/repository/org/springframework/data/spring-data-jpa/2.1.3.RELEASE/spring-data-jpa-2.1.3.RELEASE.jar:/home/robertdev/.m2/repository/org/springframework/data/spring-data-commons/2.1.3.RELEASE/spring-data-commons-2.1.3.RELEASE.jar:/home/robertdev/.m2/repository/org/springframework/spring-orm/5.1.3.RELEASE/spring-orm-5.1.3.RELEASE.jar:/home/robertdev/.m2/repository/org/springframework/spring-tx/5.1.3.RELEASE/spring-tx-5.1.3.RELEASE.jar:/home/robertdev/.m2/repository/org/slf4j/slf4j-api/1.7.25/slf4j-api-1.7.25.jar:/home/robertdev/.m2/repository/org/springframework/spring-aspects/5.1.3.RELEASE/spring-aspects-5.1.3.RELEASE.jar:/home/robertdev/.m2/repository/org/springframework/boot/spring-boot-test/2.1.1.RELEASE/spring-boot-test-2.1.1.RELEASE.jar:/home/robertdev/.m2/repository/org/springframework/boot/spring-boot/2.1.1.RELEASE/spring-boot-2.1.1.RELEASE.jar:/home/robertdev/.m2/repository/org/springframework/boot/spring-boot-test-autoconfigure/2.1.1.RELEASE/spring-boot-test-autoconfigure-2.1.1.RELEASE.jar:/home/robertdev/.m2/repository/org/springframework/boot/spring-boot-autoconfigure/2.1.1.RELEASE/spring-boot-autoconfigure-2.1.1.RELEASE.jar:/home/robertdev/.m2/repository/org/springframework/boot/spring-boot-starter-data-rest/2.1.1.RELEASE/spring-boot-starter-data-rest-2.1.1.RELEASE.jar:/home/robertdev/.m2/repository/org/springframework/data/spring-data-rest-webmvc/3.1.3.RELEASE/spring-data-rest-webmvc-3.1.3.RELEASE.jar:/home/robertdev/.m2/repository/org/springframework/data/spring-data-rest-core/3.1.3.RELEASE/spring-data-rest-core-3.1.3.RELEASE.jar:/home/robertdev/.m2/repository/org/springframework/hateoas/spring-hateoas/0.25.0.RELEASE/spring-hateoas-0.25.0.RELEASE.jar:/home/robertdev/.m2/repository/org/springframework/plugin/spring-plugin-core/1.2.0.RELEASE/spring-plugin-core-1.2.0.RELEASE.jar:/home/robertdev/.m2/repository/org/atteo/evo-inflector/1.2.2/evo-inflector-1.2.2.jar:/home/robertdev/.m2/repository/com/fasterxml/jackson/core/jackson-annotations/2.9.0/jackson-annotations-2.9.0.jar:/home/robertdev/.m2/repository/org/springframework/boot/spring-boot-starter-mail/2.1.1.RELEASE/spring-boot-starter-mail-2.1.1.RELEASE.jar:/home/robertdev/.m2/repository/com/sun/mail/javax.mail/1.6.2/javax.mail-1.6.2.jar:/home/robertdev/.m2/repository/org/springframework/boot/spring-boot-starter-security/2.1.1.RELEASE/spring-boot-starter-security-2.1.1.RELEASE.jar:/home/robertdev/.m2/repository/org/springframework/security/spring-security-config/5.1.2.RELEASE/spring-security-config-5.1.2.RELEASE.jar:/home/robertdev/.m2/repository/org/springframework/security/spring-security-web/5.1.2.RELEASE/spring-security-web-5.1.2.RELEASE.jar:/home/robertdev/.m2/repository/org/springframework/spring-expression/5.1.3.RELEASE/spring-expression-5.1.3.RELEASE.jar:/home/robertdev/.m2/repository/org/springframework/boot/spring-boot-starter-validation/2.1.1.RELEASE/spring-boot-starter-validation-2.1.1.RELEASE.jar:/home/robertdev/.m2/repository/org/apache/tomcat/embed/tomcat-embed-el/9.0.13/tomcat-embed-el-9.0.13.jar:/home/robertdev/.m2/repository/org/hibernate/validator/hibernate-validator/6.0.13.Final/hibernate-validator-6.0.13.Final.jar:/home/robertdev/.m2/repository/javax/validation/validation-api/2.0.1.Final/validation-api-2.0.1.Final.jar:/home/robertdev/.m2/repository/org/springframework/boot/spring-boot-starter-web/2.1.1.RELEASE/spring-boot-starter-web-2.1.1.RELEASE.jar:/home/robertdev/.m2/repository/org/springframework/boot/spring-boot-starter-json/2.1.1.RELEASE/spring-boot-starter-json-2.1.1.RELEASE.jar:/home/robertdev/.m2/repository/com/fasterxml/jackson/datatype/jackson-datatype-jdk8/2.9.7/jackson-datatype-jdk8-2.9.7.jar:/home/robertdev/.m2/repository/com/fasterxml/jackson/module/jackson-module-parameter-names/2.9.7/jackson-module-parameter-names-2.9.7.jar:/home/robertdev/.m2/repository/org/springframework/boot/spring-boot-starter-tomcat/2.1.1.RELEASE/spring-boot-starter-tomcat-2.1.1.RELEASE.jar:/home/robertdev/.m2/repository/org/apache/tomcat/embed/tomcat-embed-core/9.0.13/tomcat-embed-core-9.0.13.jar:/home/robertdev/.m2/repository/org/apache/tomcat/embed/tomcat-embed-websocket/9.0.13/tomcat-embed-websocket-9.0.13.jar:/home/robertdev/.m2/repository/org/springframework/spring-web/5.1.3.RELEASE/spring-web-5.1.3.RELEASE.jar:/home/robertdev/.m2/repository/org/springframework/spring-webmvc/5.1.3.RELEASE/spring-webmvc-5.1.3.RELEASE.jar:/home/robertdev/.m2/repository/de/codecentric/spring-boot-admin-starter-client/2.1.1/spring-boot-admin-starter-client-2.1.1.jar:/home/robertdev/.m2/repository/de/codecentric/spring-boot-admin-client/2.1.1/spring-boot-admin-client-2.1.1.jar:/home/robertdev/.m2/repository/org/jolokia/jolokia-core/1.6.0/jolokia-core-1.6.0.jar:/home/robertdev/.m2/repository/com/googlecode/json-simple/json-simple/1.1.1/json-simple-1.1.1.jar:/home/robertdev/.m2/repository/com/google/code/findbugs/jsr305/3.0.2/jsr305-3.0.2.jar:/home/robertdev/.m2/repository/de/codecentric/spring-boot-admin-starter-server/2.1.1/spring-boot-admin-starter-server-2.1.1.jar:/home/robertdev/.m2/repository/de/codecentric/spring-boot-admin-server/2.1.1/spring-boot-admin-server-2.1.1.jar:/home/robertdev/.m2/repository/org/springframework/boot/spring-boot-starter-webflux/2.1.1.RELEASE/spring-boot-starter-webflux-2.1.1.RELEASE.jar:/home/robertdev/.m2/repository/org/springframework/boot/spring-boot-starter-reactor-netty/2.1.1.RELEASE/spring-boot-starter-reactor-netty-2.1.1.RELEASE.jar:/home/robertdev/.m2/repository/io/projectreactor/netty/reactor-netty/0.8.3.RELEASE/reactor-netty-0.8.3.RELEASE.jar:/home/robertdev/.m2/repository/io/netty/netty-codec-http/4.1.31.Final/netty-codec-http-4.1.31.Final.jar:/home/robertdev/.m2/repository/io/netty/netty-codec/4.1.31.Final/netty-codec-4.1.31.Final.jar:/home/robertdev/.m2/repository/io/netty/netty-codec-http2/4.1.31.Final/netty-codec-http2-4.1.31.Final.jar:/home/robertdev/.m2/repository/io/netty/netty-handler/4.1.31.Final/netty-handler-4.1.31.Final.jar:/home/robertdev/.m2/repository/io/netty/netty-buffer/4.1.31.Final/netty-buffer-4.1.31.Final.jar:/home/robertdev/.m2/repository/io/netty/netty-transport/4.1.31.Final/netty-transport-4.1.31.Final.jar:/home/robertdev/.m2/repository/io/netty/netty-resolver/4.1.31.Final/netty-resolver-4.1.31.Final.jar:/home/robertdev/.m2/repository/io/netty/netty-handler-proxy/4.1.31.Final/netty-handler-proxy-4.1.31.Final.jar:/home/robertdev/.m2/repository/io/netty/netty-codec-socks/4.1.31.Final/netty-codec-socks-4.1.31.Final.jar:/home/robertdev/.m2/repository/io/netty/netty-transport-native-epoll/4.1.31.Final/netty-transport-native-epoll-4.1.31.Final-linux-x86_64.jar:/home/robertdev/.m2/repository/io/netty/netty-common/4.1.31.Final/netty-common-4.1.31.Final.jar:/home/robertdev/.m2/repository/io/netty/netty-transport-native-unix-common/4.1.31.Final/netty-transport-native-unix-common-4.1.31.Final.jar:/home/robertdev/.m2/repository/org/springframework/spring-webflux/5.1.3.RELEASE/spring-webflux-5.1.3.RELEASE.jar:/home/robertdev/.m2/repository/org/synchronoss/cloud/nio-multipart-parser/1.1.0/nio-multipart-parser-1.1.0.jar:/home/robertdev/.m2/repository/org/synchronoss/cloud/nio-stream-storage/1.1.3/nio-stream-storage-1.1.3.jar:/home/robertdev/.m2/repository/org/springframework/boot/spring-boot-starter-thymeleaf/2.1.1.RELEASE/spring-boot-starter-thymeleaf-2.1.1.RELEASE.jar:/home/robertdev/.m2/repository/org/thymeleaf/thymeleaf-spring5/3.0.11.RELEASE/thymeleaf-spring5-3.0.11.RELEASE.jar:/home/robertdev/.m2/repository/org/thymeleaf/thymeleaf/3.0.11.RELEASE/thymeleaf-3.0.11.RELEASE.jar:/home/robertdev/.m2/repository/org/attoparser/attoparser/2.0.5.RELEASE/attoparser-2.0.5.RELEASE.jar:/home/robertdev/.m2/repository/org/unbescape/unbescape/1.1.6.RELEASE/unbescape-1.1.6.RELEASE.jar:/home/robertdev/.m2/repository/org/thymeleaf/extras/thymeleaf-extras-java8time/3.0.2.RELEASE/thymeleaf-extras-java8time-3.0.2.RELEASE.jar:/home/robertdev/.m2/repository/io/projectreactor/addons/reactor-extra/3.2.0.RELEASE/reactor-extra-3.2.0.RELEASE.jar:/home/robertdev/.m2/repository/io/projectreactor/reactor-core/3.2.3.RELEASE/reactor-core-3.2.3.RELEASE.jar:/home/robertdev/.m2/repository/org/reactivestreams/reactive-streams/1.0.2/reactive-streams-1.0.2.jar:/home/robertdev/.m2/repository/de/codecentric/spring-boot-admin-server-ui/2.1.1/spring-boot-admin-server-ui-2.1.1.jar:/home/robertdev/.m2/repository/de/codecentric/spring-boot-admin-server-cloud/2.1.1/spring-boot-admin-server-cloud-2.1.1.jar:/home/robertdev/.m2/repository/org/springframework/boot/spring-boot-devtools/2.1.1.RELEASE/spring-boot-devtools-2.1.1.RELEASE.jar:/home/robertdev/.m2/repository/mysql/mysql-connector-java/8.0.13/mysql-connector-java-8.0.13.jar:/home/robertdev/.m2/repository/com/h2database/h2/1.4.197/h2-1.4.197.jar:/home/robertdev/.m2/repository/org/springframework/boot/spring-boot-configuration-processor/2.1.1.RELEASE/spring-boot-configuration-processor-2.1.1.RELEASE.jar:/home/robertdev/.m2/repository/org/projectlombok/lombok/1.18.4/lombok-1.18.4.jar:/home/robertdev/.m2/repository/org/springframework/boot/spring-boot-starter-test/2.1.1.RELEASE/spring-boot-starter-test-2.1.1.RELEASE.jar:/home/robertdev/.m2/repository/com/jayway/jsonpath/json-path/2.4.0/json-path-2.4.0.jar:/home/robertdev/.m2/repository/net/minidev/json-smart/2.3/json-smart-2.3.jar:/home/robertdev/.m2/repository/net/minidev/accessors-smart/1.2/accessors-smart-1.2.jar:/home/robertdev/.m2/repository/org/ow2/asm/asm/5.0.4/asm-5.0.4.jar:/home/robertdev/.m2/repository/junit/junit/4.12/junit-4.12.jar:/home/robertdev/.m2/repository/org/assertj/assertj-core/3.11.1/assertj-core-3.11.1.jar:/home/robertdev/.m2/repository/org/hamcrest/hamcrest-core/1.3/hamcrest-core-1.3.jar:/home/robertdev/.m2/repository/org/hamcrest/hamcrest-library/1.3/hamcrest-library-1.3.jar:/home/robertdev/.m2/repository/org/skyscreamer/jsonassert/1.5.0/jsonassert-1.5.0.jar:/home/robertdev/.m2/repository/com/vaadin/external/google/android-json/0.0.20131108.vaadin1/android-json-0.0.20131108.vaadin1.jar:/home/robertdev/.m2/repository/org/springframework/spring-core/5.1.3.RELEASE/spring-core-5.1.3.RELEASE.jar:/home/robertdev/.m2/repository/org/springframework/spring-jcl/5.1.3.RELEASE/spring-jcl-5.1.3.RELEASE.jar:/home/robertdev/.m2/repository/org/springframework/spring-test/5.1.3.RELEASE/spring-test-5.1.3.RELEASE.jar:/home/robertdev/.m2/repository/org/xmlunit/xmlunit-core/2.6.2/xmlunit-core-2.6.2.jar:/home/robertdev/.m2/repository/org/springframework/restdocs/spring-restdocs-mockmvc/2.0.2.RELEASE/spring-restdocs-mockmvc-2.0.2.RELEASE.jar:/home/robertdev/.m2/repository/javax/servlet/javax.servlet-api/4.0.1/javax.servlet-api-4.0.1.jar:/home/robertdev/.m2/repository/org/springframework/restdocs/spring-restdocs-core/2.0.2.RELEASE/spring-restdocs-core-2.0.2.RELEASE.jar:/home/robertdev/.m2/repository/org/springframework/security/spring-security-test/5.1.2.RELEASE/spring-security-test-5.1.2.RELEASE.jar:/home/robertdev/.m2/repository/org/springframework/security/spring-security-core/5.1.2.RELEASE/spring-security-core-5.1.2.RELEASE.jar:/home/robertdev/.m2/repository/commons-codec/commons-codec/1.11/commons-codec-1.11.jar:/home/robertdev/.m2/repository/commons-fileupload/commons-fileupload/1.3.3/commons-fileupload-1.3.3.jar:/home/robertdev/.m2/repository/commons-io/commons-io/2.6/commons-io-2.6.jar:/home/robertdev/.m2/repository/com/auth0/java-jwt/3.4.1/java-jwt-3.4.1.jar:/home/robertdev/.m2/repository/com/fasterxml/jackson/core/jackson-databind/2.9.7/jackson-databind-2.9.7.jar:/home/robertdev/.m2/repository/com/fasterxml/jackson/core/jackson-core/2.9.7/jackson-core-2.9.7.jar:/home/robertdev/.m2/repository/com/google/code/gson/gson/2.8.5/gson-2.8.5.jar:/home/robertdev/.m2/repository/org/mockito/mockito-core/2.23.4/mockito-core-2.23.4.jar:/home/robertdev/.m2/repository/net/bytebuddy/byte-buddy/1.9.5/byte-buddy-1.9.5.jar:/home/robertdev/.m2/repository/net/bytebuddy/byte-buddy-agent/1.9.5/byte-buddy-agent-1.9.5.jar:/home/robertdev/.m2/repository/org/objenesis/objenesis/2.6/objenesis-2.6.jar:/home/robertdev/.m2/repository/org/modelmapper/modelmapper/2.3.2/modelmapper-2.3.2.jar:/home/robertdev/.m2/repository/org/springframework/security/spring-security-jwt/1.0.10.RELEASE/spring-security-jwt-1.0.10.RELEASE.jar:/home/robertdev/.m2/repository/org/bouncycastle/bcpkix-jdk15on/1.60/bcpkix-jdk15on-1.60.jar:/home/robertdev/.m2/repository/org/bouncycastle/bcprov-jdk15on/1.60/bcprov-jdk15on-1.60.jar:/home/robertdev/.m2/repository/org/springframework/security/oauth/spring-security-oauth2/2.3.4.RELEASE/spring-security-oauth2-2.3.4.RELEASE.jar:/home/robertdev/.m2/repository/org/springframework/spring-beans/5.1.3.RELEASE/spring-beans-5.1.3.RELEASE.jar:/home/robertdev/.m2/repository/org/springframework/spring-context/5.1.3.RELEASE/spring-context-5.1.3.RELEASE.jar:/home/robertdev/.m2/repository/org/codehaus/jackson/jackson-mapper-asl/1.9.13/jackson-mapper-asl-1.9.13.jar:/home/robertdev/.m2/repository/org/codehaus/jackson/jackson-core-asl/1.9.13/jackson-core-asl-1.9.13.jar:/home/robertdev/.m2/repository/javax/xml/bind/jaxb-api/2.4.0-b180830.0359/jaxb-api-2.4.0-b180830.0359.jar:/home/robertdev/.m2/repository/javax/activation/javax.activation-api/1.2.0/javax.activation-api-1.2.0.jar:/home/robertdev/.m2/repository/javax/activation/activation/1.1.1/activation-1.1.1.jar:/home/robertdev/.m2/repository/org/glassfish/jaxb/jaxb-runtime/2.4.0-b180830.0438/jaxb-runtime-2.4.0-b180830.0438.jar:/home/robertdev/.m2/repository/org/glassfish/jaxb/txw2/2.4.0-b180830.0438/txw2-2.4.0-b180830.0438.jar:/home/robertdev/.m2/repository/com/sun/istack/istack-commons-runtime/3.0.7/istack-commons-runtime-3.0.7.jar:/home/robertdev/.m2/repository/org/jvnet/staxex/stax-ex/1.8/stax-ex-1.8.jar:/home/robertdev/.m2/repository/com/sun/xml/fastinfoset/FastInfoset/1.2.15/FastInfoset-1.2.15.jar:/home/robertdev/.m2/repository/io/jsonwebtoken/jjwt/0.9.1/jjwt-0.9.1.jar:"/>
    <property name="java.vm.vendor" value="Oracle Corporation"/>
    <property name="sun.arch.data.model" value="64"/>
    <property name="java.vendor.url" value="https://java.oracle.com/"/>
    <property name="os.name" value="Linux"/>
    <property name="java.vm.specification.version" value="12"/>
    <property name="sun.java.launcher" value="SUN_STANDARD"/>
    <property name="user.country" value="US"/>
    <property name="sun.boot.library.path" value="/usr/lib/jvm/java-12-oracle/lib"/>
    <property name="sun.java.command" value="/home/robertdev/Downloads/PowiescAPI-master/powiesciREST/target/surefire/surefirebooter5425283153363289949.jar /home/robertdev/Downloads/PowiescAPI-master/powiesciREST/target/surefire 2019-04-03T19-33-12_168-jvmRun1 surefire18431784767767413837tmp surefire_018144257561458210274tmp"/>
    <property name="jdk.debug" value="release"/>
    <property name="surefire.test.class.path" value="/home/robertdev/Downloads/PowiescAPI-master/powiesciREST/target/test-classes:/home/robertdev/Downloads/PowiescAPI-master/powiesciREST/target/classes:/home/robertdev/.m2/repository/org/springframework/boot/spring-boot-starter-actuator/2.1.1.RELEASE/spring-boot-starter-actuator-2.1.1.RELEASE.jar:/home/robertdev/.m2/repository/org/springframework/boot/spring-boot-starter/2.1.1.RELEASE/spring-boot-starter-2.1.1.RELEASE.jar:/home/robertdev/.m2/repository/org/springframework/boot/spring-boot-starter-logging/2.1.1.RELEASE/spring-boot-starter-logging-2.1.1.RELEASE.jar:/home/robertdev/.m2/repository/ch/qos/logback/logback-classic/1.2.3/logback-classic-1.2.3.jar:/home/robertdev/.m2/repository/ch/qos/logback/logback-core/1.2.3/logback-core-1.2.3.jar:/home/robertdev/.m2/repository/org/apache/logging/log4j/log4j-to-slf4j/2.11.1/log4j-to-slf4j-2.11.1.jar:/home/robertdev/.m2/repository/org/apache/logging/log4j/log4j-api/2.11.1/log4j-api-2.11.1.jar:/home/robertdev/.m2/repository/org/slf4j/jul-to-slf4j/1.7.25/jul-to-slf4j-1.7.25.jar:/home/robertdev/.m2/repository/javax/annotation/javax.annotation-api/1.3.2/javax.annotation-api-1.3.2.jar:/home/robertdev/.m2/repository/org/yaml/snakeyaml/1.23/snakeyaml-1.23.jar:/home/robertdev/.m2/repository/org/springframework/boot/spring-boot-actuator-autoconfigure/2.1.1.RELEASE/spring-boot-actuator-autoconfigure-2.1.1.RELEASE.jar:/home/robertdev/.m2/repository/org/springframework/boot/spring-boot-actuator/2.1.1.RELEASE/spring-boot-actuator-2.1.1.RELEASE.jar:/home/robertdev/.m2/repository/com/fasterxml/jackson/datatype/jackson-datatype-jsr310/2.9.7/jackson-datatype-jsr310-2.9.7.jar:/home/robertdev/.m2/repository/io/micrometer/micrometer-core/1.1.1/micrometer-core-1.1.1.jar:/home/robertdev/.m2/repository/org/hdrhistogram/HdrHistogram/2.1.9/HdrHistogram-2.1.9.jar:/home/robertdev/.m2/repository/org/latencyutils/LatencyUtils/2.0.3/LatencyUtils-2.0.3.jar:/home/robertdev/.m2/repository/org/springframework/boot/spring-boot-starter-aop/2.1.1.RELEASE/spring-boot-starter-aop-2.1.1.RELEASE.jar:/home/robertdev/.m2/repository/org/springframework/spring-aop/5.1.3.RELEASE/spring-aop-5.1.3.RELEASE.jar:/home/robertdev/.m2/repository/org/aspectj/aspectjweaver/1.9.2/aspectjweaver-1.9.2.jar:/home/robertdev/.m2/repository/org/springframework/boot/spring-boot-starter-cache/2.1.1.RELEASE/spring-boot-starter-cache-2.1.1.RELEASE.jar:/home/robertdev/.m2/repository/org/springframework/spring-context-support/5.1.3.RELEASE/spring-context-support-5.1.3.RELEASE.jar:/home/robertdev/.m2/repository/org/springframework/boot/spring-boot-starter-data-jpa/2.1.1.RELEASE/spring-boot-starter-data-jpa-2.1.1.RELEASE.jar:/home/robertdev/.m2/repository/org/springframework/boot/spring-boot-starter-jdbc/2.1.1.RELEASE/spring-boot-starter-jdbc-2.1.1.RELEASE.jar:/home/robertdev/.m2/repository/com/zaxxer/HikariCP/3.2.0/HikariCP-3.2.0.jar:/home/robertdev/.m2/repository/org/springframework/spring-jdbc/5.1.3.RELEASE/spring-jdbc-5.1.3.RELEASE.jar:/home/robertdev/.m2/repository/javax/transaction/javax.transaction-api/1.3/javax.transaction-api-1.3.jar:/home/robertdev/.m2/repository/org/hibernate/hibernate-core/5.3.7.Final/hibernate-core-5.3.7.Final.jar:/home/robertdev/.m2/repository/org/jboss/logging/jboss-logging/3.3.2.Final/jboss-logging-3.3.2.Final.jar:/home/robertdev/.m2/repository/javax/persistence/javax.persistence-api/2.2/javax.persistence-api-2.2.jar:/home/robertdev/.m2/repository/org/javassist/javassist/3.23.1-GA/javassist-3.23.1-GA.jar:/home/robertdev/.m2/repository/antlr/antlr/2.7.7/antlr-2.7.7.jar:/home/robertdev/.m2/repository/org/jboss/jandex/2.0.5.Final/jandex-2.0.5.Final.jar:/home/robertdev/.m2/repository/com/fasterxml/classmate/1.4.0/classmate-1.4.0.jar:/home/robertdev/.m2/repository/org/dom4j/dom4j/2.1.1/dom4j-2.1.1.jar:/home/robertdev/.m2/repository/org/hibernate/common/hibernate-commons-annotations/5.0.4.Final/hibernate-commons-annotations-5.0.4.Final.jar:/home/robertdev/.m2/repository/org/springframework/data/spring-data-jpa/2.1.3.RELEASE/spring-data-jpa-2.1.3.RELEASE.jar:/home/robertdev/.m2/repository/org/springframework/data/spring-data-commons/2.1.3.RELEASE/spring-data-commons-2.1.3.RELEASE.jar:/home/robertdev/.m2/repository/org/springframework/spring-orm/5.1.3.RELEASE/spring-orm-5.1.3.RELEASE.jar:/home/robertdev/.m2/repository/org/springframework/spring-tx/5.1.3.RELEASE/spring-tx-5.1.3.RELEASE.jar:/home/robertdev/.m2/repository/org/slf4j/slf4j-api/1.7.25/slf4j-api-1.7.25.jar:/home/robertdev/.m2/repository/org/springframework/spring-aspects/5.1.3.RELEASE/spring-aspects-5.1.3.RELEASE.jar:/home/robertdev/.m2/repository/org/springframework/boot/spring-boot-test/2.1.1.RELEASE/spring-boot-test-2.1.1.RELEASE.jar:/home/robertdev/.m2/repository/org/springframework/boot/spring-boot/2.1.1.RELEASE/spring-boot-2.1.1.RELEASE.jar:/home/robertdev/.m2/repository/org/springframework/boot/spring-boot-test-autoconfigure/2.1.1.RELEASE/spring-boot-test-autoconfigure-2.1.1.RELEASE.jar:/home/robertdev/.m2/repository/org/springframework/boot/spring-boot-autoconfigure/2.1.1.RELEASE/spring-boot-autoconfigure-2.1.1.RELEASE.jar:/home/robertdev/.m2/repository/org/springframework/boot/spring-boot-starter-data-rest/2.1.1.RELEASE/spring-boot-starter-data-rest-2.1.1.RELEASE.jar:/home/robertdev/.m2/repository/org/springframework/data/spring-data-rest-webmvc/3.1.3.RELEASE/spring-data-rest-webmvc-3.1.3.RELEASE.jar:/home/robertdev/.m2/repository/org/springframework/data/spring-data-rest-core/3.1.3.RELEASE/spring-data-rest-core-3.1.3.RELEASE.jar:/home/robertdev/.m2/repository/org/springframework/hateoas/spring-hateoas/0.25.0.RELEASE/spring-hateoas-0.25.0.RELEASE.jar:/home/robertdev/.m2/repository/org/springframework/plugin/spring-plugin-core/1.2.0.RELEASE/spring-plugin-core-1.2.0.RELEASE.jar:/home/robertdev/.m2/repository/org/atteo/evo-inflector/1.2.2/evo-inflector-1.2.2.jar:/home/robertdev/.m2/repository/com/fasterxml/jackson/core/jackson-annotations/2.9.0/jackson-annotations-2.9.0.jar:/home/robertdev/.m2/repository/org/springframework/boot/spring-boot-starter-mail/2.1.1.RELEASE/spring-boot-starter-mail-2.1.1.RELEASE.jar:/home/robertdev/.m2/repository/com/sun/mail/javax.mail/1.6.2/javax.mail-1.6.2.jar:/home/robertdev/.m2/repository/org/springframework/boot/spring-boot-starter-security/2.1.1.RELEASE/spring-boot-starter-security-2.1.1.RELEASE.jar:/home/robertdev/.m2/repository/org/springframework/security/spring-security-config/5.1.2.RELEASE/spring-security-config-5.1.2.RELEASE.jar:/home/robertdev/.m2/repository/org/springframework/security/spring-security-web/5.1.2.RELEASE/spring-security-web-5.1.2.RELEASE.jar:/home/robertdev/.m2/repository/org/springframework/spring-expression/5.1.3.RELEASE/spring-expression-5.1.3.RELEASE.jar:/home/robertdev/.m2/repository/org/springframework/boot/spring-boot-starter-validation/2.1.1.RELEASE/spring-boot-starter-validation-2.1.1.RELEASE.jar:/home/robertdev/.m2/repository/org/apache/tomcat/embed/tomcat-embed-el/9.0.13/tomcat-embed-el-9.0.13.jar:/home/robertdev/.m2/repository/org/hibernate/validator/hibernate-validator/6.0.13.Final/hibernate-validator-6.0.13.Final.jar:/home/robertdev/.m2/repository/javax/validation/validation-api/2.0.1.Final/validation-api-2.0.1.Final.jar:/home/robertdev/.m2/repository/org/springframework/boot/spring-boot-starter-web/2.1.1.RELEASE/spring-boot-starter-web-2.1.1.RELEASE.jar:/home/robertdev/.m2/repository/org/springframework/boot/spring-boot-starter-json/2.1.1.RELEASE/spring-boot-starter-json-2.1.1.RELEASE.jar:/home/robertdev/.m2/repository/com/fasterxml/jackson/datatype/jackson-datatype-jdk8/2.9.7/jackson-datatype-jdk8-2.9.7.jar:/home/robertdev/.m2/repository/com/fasterxml/jackson/module/jackson-module-parameter-names/2.9.7/jackson-module-parameter-names-2.9.7.jar:/home/robertdev/.m2/repository/org/springframework/boot/spring-boot-starter-tomcat/2.1.1.RELEASE/spring-boot-starter-tomcat-2.1.1.RELEASE.jar:/home/robertdev/.m2/repository/org/apache/tomcat/embed/tomcat-embed-core/9.0.13/tomcat-embed-core-9.0.13.jar:/home/robertdev/.m2/repository/org/apache/tomcat/embed/tomcat-embed-websocket/9.0.13/tomcat-embed-websocket-9.0.13.jar:/home/robertdev/.m2/repository/org/springframework/spring-web/5.1.3.RELEASE/spring-web-5.1.3.RELEASE.jar:/home/robertdev/.m2/repository/org/springframework/spring-webmvc/5.1.3.RELEASE/spring-webmvc-5.1.3.RELEASE.jar:/home/robertdev/.m2/repository/de/codecentric/spring-boot-admin-starter-client/2.1.1/spring-boot-admin-starter-client-2.1.1.jar:/home/robertdev/.m2/repository/de/codecentric/spring-boot-admin-client/2.1.1/spring-boot-admin-client-2.1.1.jar:/home/robertdev/.m2/repository/org/jolokia/jolokia-core/1.6.0/jolokia-core-1.6.0.jar:/home/robertdev/.m2/repository/com/googlecode/json-simple/json-simple/1.1.1/json-simple-1.1.1.jar:/home/robertdev/.m2/repository/com/google/code/findbugs/jsr305/3.0.2/jsr305-3.0.2.jar:/home/robertdev/.m2/repository/de/codecentric/spring-boot-admin-starter-server/2.1.1/spring-boot-admin-starter-server-2.1.1.jar:/home/robertdev/.m2/repository/de/codecentric/spring-boot-admin-server/2.1.1/spring-boot-admin-server-2.1.1.jar:/home/robertdev/.m2/repository/org/springframework/boot/spring-boot-starter-webflux/2.1.1.RELEASE/spring-boot-starter-webflux-2.1.1.RELEASE.jar:/home/robertdev/.m2/repository/org/springframework/boot/spring-boot-starter-reactor-netty/2.1.1.RELEASE/spring-boot-starter-reactor-netty-2.1.1.RELEASE.jar:/home/robertdev/.m2/repository/io/projectreactor/netty/reactor-netty/0.8.3.RELEASE/reactor-netty-0.8.3.RELEASE.jar:/home/robertdev/.m2/repository/io/netty/netty-codec-http/4.1.31.Final/netty-codec-http-4.1.31.Final.jar:/home/robertdev/.m2/repository/io/netty/netty-codec/4.1.31.Final/netty-codec-4.1.31.Final.jar:/home/robertdev/.m2/repository/io/netty/netty-codec-http2/4.1.31.Final/netty-codec-http2-4.1.31.Final.jar:/home/robertdev/.m2/repository/io/netty/netty-handler/4.1.31.Final/netty-handler-4.1.31.Final.jar:/home/robertdev/.m2/repository/io/netty/netty-buffer/4.1.31.Final/netty-buffer-4.1.31.Final.jar:/home/robertdev/.m2/repository/io/netty/netty-transport/4.1.31.Final/netty-transport-4.1.31.Final.jar:/home/robertdev/.m2/repository/io/netty/netty-resolver/4.1.31.Final/netty-resolver-4.1.31.Final.jar:/home/robertdev/.m2/repository/io/netty/netty-handler-proxy/4.1.31.Final/netty-handler-proxy-4.1.31.Final.jar:/home/robertdev/.m2/repository/io/netty/netty-codec-socks/4.1.31.Final/netty-codec-socks-4.1.31.Final.jar:/home/robertdev/.m2/repository/io/netty/netty-transport-native-epoll/4.1.31.Final/netty-transport-native-epoll-4.1.31.Final-linux-x86_64.jar:/home/robertdev/.m2/repository/io/netty/netty-common/4.1.31.Final/netty-common-4.1.31.Final.jar:/home/robertdev/.m2/repository/io/netty/netty-transport-native-unix-common/4.1.31.Final/netty-transport-native-unix-common-4.1.31.Final.jar:/home/robertdev/.m2/repository/org/springframework/spring-webflux/5.1.3.RELEASE/spring-webflux-5.1.3.RELEASE.jar:/home/robertdev/.m2/repository/org/synchronoss/cloud/nio-multipart-parser/1.1.0/nio-multipart-parser-1.1.0.jar:/home/robertdev/.m2/repository/org/synchronoss/cloud/nio-stream-storage/1.1.3/nio-stream-storage-1.1.3.jar:/home/robertdev/.m2/repository/org/springframework/boot/spring-boot-starter-thymeleaf/2.1.1.RELEASE/spring-boot-starter-thymeleaf-2.1.1.RELEASE.jar:/home/robertdev/.m2/repository/org/thymeleaf/thymeleaf-spring5/3.0.11.RELEASE/thymeleaf-spring5-3.0.11.RELEASE.jar:/home/robertdev/.m2/repository/org/thymeleaf/thymeleaf/3.0.11.RELEASE/thymeleaf-3.0.11.RELEASE.jar:/home/robertdev/.m2/repository/org/attoparser/attoparser/2.0.5.RELEASE/attoparser-2.0.5.RELEASE.jar:/home/robertdev/.m2/repository/org/unbescape/unbescape/1.1.6.RELEASE/unbescape-1.1.6.RELEASE.jar:/home/robertdev/.m2/repository/org/thymeleaf/extras/thymeleaf-extras-java8time/3.0.2.RELEASE/thymeleaf-extras-java8time-3.0.2.RELEASE.jar:/home/robertdev/.m2/repository/io/projectreactor/addons/reactor-extra/3.2.0.RELEASE/reactor-extra-3.2.0.RELEASE.jar:/home/robertdev/.m2/repository/io/projectreactor/reactor-core/3.2.3.RELEASE/reactor-core-3.2.3.RELEASE.jar:/home/robertdev/.m2/repository/org/reactivestreams/reactive-streams/1.0.2/reactive-streams-1.0.2.jar:/home/robertdev/.m2/repository/de/codecentric/spring-boot-admin-server-ui/2.1.1/spring-boot-admin-server-ui-2.1.1.jar:/home/robertdev/.m2/repository/de/codecentric/spring-boot-admin-server-cloud/2.1.1/spring-boot-admin-server-cloud-2.1.1.jar:/home/robertdev/.m2/repository/org/springframework/boot/spring-boot-devtools/2.1.1.RELEASE/spring-boot-devtools-2.1.1.RELEASE.jar:/home/robertdev/.m2/repository/mysql/mysql-connector-java/8.0.13/mysql-connector-java-8.0.13.jar:/home/robertdev/.m2/repository/com/h2database/h2/1.4.197/h2-1.4.197.jar:/home/robertdev/.m2/repository/org/springframework/boot/spring-boot-configuration-processor/2.1.1.RELEASE/spring-boot-configuration-processor-2.1.1.RELEASE.jar:/home/robertdev/.m2/repository/org/projectlombok/lombok/1.18.4/lombok-1.18.4.jar:/home/robertdev/.m2/repository/org/springframework/boot/spring-boot-starter-test/2.1.1.RELEASE/spring-boot-starter-test-2.1.1.RELEASE.jar:/home/robertdev/.m2/repository/com/jayway/jsonpath/json-path/2.4.0/json-path-2.4.0.jar:/home/robertdev/.m2/repository/net/minidev/json-smart/2.3/json-smart-2.3.jar:/home/robertdev/.m2/repository/net/minidev/accessors-smart/1.2/accessors-smart-1.2.jar:/home/robertdev/.m2/repository/org/ow2/asm/asm/5.0.4/asm-5.0.4.jar:/home/robertdev/.m2/repository/junit/junit/4.12/junit-4.12.jar:/home/robertdev/.m2/repository/org/assertj/assertj-core/3.11.1/assertj-core-3.11.1.jar:/home/robertdev/.m2/repository/org/hamcrest/hamcrest-core/1.3/hamcrest-core-1.3.jar:/home/robertdev/.m2/repository/org/hamcrest/hamcrest-library/1.3/hamcrest-library-1.3.jar:/home/robertdev/.m2/repository/org/skyscreamer/jsonassert/1.5.0/jsonassert-1.5.0.jar:/home/robertdev/.m2/repository/com/vaadin/external/google/android-json/0.0.20131108.vaadin1/android-json-0.0.20131108.vaadin1.jar:/home/robertdev/.m2/repository/org/springframework/spring-core/5.1.3.RELEASE/spring-core-5.1.3.RELEASE.jar:/home/robertdev/.m2/repository/org/springframework/spring-jcl/5.1.3.RELEASE/spring-jcl-5.1.3.RELEASE.jar:/home/robertdev/.m2/repository/org/springframework/spring-test/5.1.3.RELEASE/spring-test-5.1.3.RELEASE.jar:/home/robertdev/.m2/repository/org/xmlunit/xmlunit-core/2.6.2/xmlunit-core-2.6.2.jar:/home/robertdev/.m2/repository/org/springframework/restdocs/spring-restdocs-mockmvc/2.0.2.RELEASE/spring-restdocs-mockmvc-2.0.2.RELEASE.jar:/home/robertdev/.m2/repository/javax/servlet/javax.servlet-api/4.0.1/javax.servlet-api-4.0.1.jar:/home/robertdev/.m2/repository/org/springframework/restdocs/spring-restdocs-core/2.0.2.RELEASE/spring-restdocs-core-2.0.2.RELEASE.jar:/home/robertdev/.m2/repository/org/springframework/security/spring-security-test/5.1.2.RELEASE/spring-security-test-5.1.2.RELEASE.jar:/home/robertdev/.m2/repository/org/springframework/security/spring-security-core/5.1.2.RELEASE/spring-security-core-5.1.2.RELEASE.jar:/home/robertdev/.m2/repository/commons-codec/commons-codec/1.11/commons-codec-1.11.jar:/home/robertdev/.m2/repository/commons-fileupload/commons-fileupload/1.3.3/commons-fileupload-1.3.3.jar:/home/robertdev/.m2/repository/commons-io/commons-io/2.6/commons-io-2.6.jar:/home/robertdev/.m2/repository/com/auth0/java-jwt/3.4.1/java-jwt-3.4.1.jar:/home/robertdev/.m2/repository/com/fasterxml/jackson/core/jackson-databind/2.9.7/jackson-databind-2.9.7.jar:/home/robertdev/.m2/repository/com/fasterxml/jackson/core/jackson-core/2.9.7/jackson-core-2.9.7.jar:/home/robertdev/.m2/repository/com/google/code/gson/gson/2.8.5/gson-2.8.5.jar:/home/robertdev/.m2/repository/org/mockito/mockito-core/2.23.4/mockito-core-2.23.4.jar:/home/robertdev/.m2/repository/net/bytebuddy/byte-buddy/1.9.5/byte-buddy-1.9.5.jar:/home/robertdev/.m2/repository/net/bytebuddy/byte-buddy-agent/1.9.5/byte-buddy-agent-1.9.5.jar:/home/robertdev/.m2/repository/org/objenesis/objenesis/2.6/objenesis-2.6.jar:/home/robertdev/.m2/repository/org/modelmapper/modelmapper/2.3.2/modelmapper-2.3.2.jar:/home/robertdev/.m2/repository/org/springframework/security/spring-security-jwt/1.0.10.RELEASE/spring-security-jwt-1.0.10.RELEASE.jar:/home/robertdev/.m2/repository/org/bouncycastle/bcpkix-jdk15on/1.60/bcpkix-jdk15on-1.60.jar:/home/robertdev/.m2/repository/org/bouncycastle/bcprov-jdk15on/1.60/bcprov-jdk15on-1.60.jar:/home/robertdev/.m2/repository/org/springframework/security/oauth/spring-security-oauth2/2.3.4.RELEASE/spring-security-oauth2-2.3.4.RELEASE.jar:/home/robertdev/.m2/repository/org/springframework/spring-beans/5.1.3.RELEASE/spring-beans-5.1.3.RELEASE.jar:/home/robertdev/.m2/repository/org/springframework/spring-context/5.1.3.RELEASE/spring-context-5.1.3.RELEASE.jar:/home/robertdev/.m2/repository/org/codehaus/jackson/jackson-mapper-asl/1.9.13/jackson-mapper-asl-1.9.13.jar:/home/robertdev/.m2/repository/org/codehaus/jackson/jackson-core-asl/1.9.13/jackson-core-asl-1.9.13.jar:/home/robertdev/.m2/repository/javax/xml/bind/jaxb-api/2.4.0-b180830.0359/jaxb-api-2.4.0-b180830.0359.jar:/home/robertdev/.m2/repository/javax/activation/javax.activation-api/1.2.0/javax.activation-api-1.2.0.jar:/home/robertdev/.m2/repository/javax/activation/activation/1.1.1/activation-1.1.1.jar:/home/robertdev/.m2/repository/org/glassfish/jaxb/jaxb-runtime/2.4.0-b180830.0438/jaxb-runtime-2.4.0-b180830.0438.jar:/home/robertdev/.m2/repository/org/glassfish/jaxb/txw2/2.4.0-b180830.0438/txw2-2.4.0-b180830.0438.jar:/home/robertdev/.m2/repository/com/sun/istack/istack-commons-runtime/3.0.7/istack-commons-runtime-3.0.7.jar:/home/robertdev/.m2/repository/org/jvnet/staxex/stax-ex/1.8/stax-ex-1.8.jar:/home/robertdev/.m2/repository/com/sun/xml/fastinfoset/FastInfoset/1.2.15/FastInfoset-1.2.15.jar:/home/robertdev/.m2/repository/io/jsonwebtoken/jjwt/0.9.1/jjwt-0.9.1.jar:"/>
    <property name="sun.cpu.endian" value="little"/>
    <property name="user.home" value="/home/robertdev"/>
    <property name="user.language" value="en"/>
    <property name="java.specification.vendor" value="Oracle Corporation"/>
    <property name="java.version.date" value="2019-03-19"/>
    <property name="java.home" value="/usr/lib/jvm/java-12-oracle"/>
    <property name="file.separator" value="/"/>
    <property name="basedir" value="/home/robertdev/Downloads/PowiescAPI-master/powiesciREST"/>
    <property name="java.vm.compressedOopsMode" value="32-bit"/>
    <property name="line.separator" value="&#10;"/>
    <property name="java.specification.name" value="Java Platform API Specification"/>
    <property name="java.vm.specification.vendor" value="Oracle Corporation"/>
    <property name="java.awt.graphicsenv" value="sun.awt.X11GraphicsEnvironment"/>
    <property name="surefire.real.class.path" value="/home/robertdev/Downloads/PowiescAPI-master/powiesciREST/target/surefire/surefirebooter5425283153363289949.jar"/>
    <property name="sun.management.compiler" value="HotSpot 64-Bit Tiered Compilers"/>
    <property name="java.runtime.version" value="12+33"/>
    <property name="user.name" value="robertdev"/>
    <property name="path.separator" value=":"/>
    <property name="os.version" value="4.15.0-46-generic"/>
    <property name="java.runtime.name" value="Java(TM) SE Runtime Environment"/>
    <property name="file.encoding" value="UTF-8"/>
    <property name="java.vm.name" value="Java HotSpot(TM) 64-Bit Server VM"/>
    <property name="localRepository" value="/home/robertdev/.m2/repository"/>
    <property name="java.vendor.url.bug" value="https://bugreport.java.com/bugreport/"/>
    <property name="java.io.tmpdir" value="/tmp"/>
    <property name="java.version" value="12"/>
    <property name="user.dir" value="/home/robertdev/Downloads/PowiescAPI-master/powiesciREST"/>
    <property name="os.arch" value="amd64"/>
    <property name="java.vm.specification.name" value="Java Virtual Machine Specification"/>
    <property name="java.library.path" value="/usr/java/packages/lib:/usr/lib64:/lib64:/lib:/usr/lib"/>
    <property name="java.vm.info" value="mixed mode, sharing"/>
    <property name="java.vendor" value="Oracle Corporation"/>
    <property name="java.vm.version" value="12+33"/>
    <property name="sun.io.unicode.encoding" value="UnicodeLittle"/>
    <property name="java.class.version" value="56.0"/>
  </properties>
  <testcase name="whenUserNotAuthenticatedThenSaveUpdateDeleteBookShouldReturn401" classname="pl.powiescdosukcesu.book.BookControllerTest" time="0.025">
    <failure message="Status expected:&lt;401&gt; but was:&lt;404&gt;" type="java.lang.AssertionError"><![CDATA[java.lang.AssertionError: Status expected:<401> but was:<404>
	at pl.powiescdosukcesu.book.BookControllerTest.whenUserNotAuthenticatedThenSaveUpdateDeleteBookShouldReturn401(BookControllerTest.java:158)
]]></failure>
    <system-out><![CDATA[2019-04-03 19:33:21 INFO  o.s.t.c.s.AbstractContextLoader - Could not detect default resource locations for test class [pl.powiescdosukcesu.book.BookControllerTest]: no resource found for suffixes {-context.xml, Context.groovy}.
2019-04-03 19:33:21 INFO  o.s.b.t.a.w.s.WebMvcTestContextBootstrapper - Loaded default TestExecutionListener class names from location [META-INF/spring.factories]: [org.springframework.boot.test.mock.mockito.MockitoTestExecutionListener, org.springframework.boot.test.mock.mockito.ResetMocksTestExecutionListener, org.springframework.boot.test.autoconfigure.restdocs.RestDocsTestExecutionListener, org.springframework.boot.test.autoconfigure.web.client.MockRestServiceServerResetTestExecutionListener, org.springframework.boot.test.autoconfigure.web.servlet.MockMvcPrintOnlyOnFailureTestExecutionListener, org.springframework.boot.test.autoconfigure.web.servlet.WebDriverTestExecutionListener, org.springframework.test.context.web.ServletTestExecutionListener, org.springframework.test.context.support.DirtiesContextBeforeModesTestExecutionListener, org.springframework.test.context.support.DependencyInjectionTestExecutionListener, org.springframework.test.context.support.DirtiesContextTestExecutionListener, org.springframework.test.context.transaction.TransactionalTestExecutionListener, org.springframework.test.context.jdbc.SqlScriptsTestExecutionListener, org.springframework.security.test.context.support.WithSecurityContextTestExecutionListener, org.springframework.security.test.context.support.ReactorContextTestExecutionListener]
2019-04-03 19:33:21 INFO  o.s.b.t.a.w.s.WebMvcTestContextBootstrapper - Using TestExecutionListeners: [org.springframework.test.context.web.ServletTestExecutionListener@4b6abf4e, org.springframework.test.context.support.DirtiesContextBeforeModesTestExecutionListener@27959922, org.springframework.boot.test.mock.mockito.MockitoTestExecutionListener@794daa09, org.springframework.boot.test.autoconfigure.SpringBootDependencyInjectionTestExecutionListener@796267e8, org.springframework.test.context.support.DirtiesContextTestExecutionListener@676c3745, org.springframework.test.context.transaction.TransactionalTestExecutionListener@6cbbfe03, org.springframework.test.context.jdbc.SqlScriptsTestExecutionListener@78b20c7f, org.springframework.security.test.context.support.WithSecurityContextTestExecutionListener@128579a6, org.springframework.security.test.context.support.ReactorContextTestExecutionListener@14d5b2ac, org.springframework.boot.test.mock.mockito.ResetMocksTestExecutionListener@272d0dd3, org.springframework.boot.test.autoconfigure.restdocs.RestDocsTestExecutionListener@4f142cbd, org.springframework.boot.test.autoconfigure.web.client.MockRestServiceServerResetTestExecutionListener@766534b0, org.springframework.boot.test.autoconfigure.web.servlet.MockMvcPrintOnlyOnFailureTestExecutionListener@4f1cb802, org.springframework.boot.test.autoconfigure.web.servlet.WebDriverTestExecutionListener@1077a7]

  .   ____          _            __ _ _
 /\\ / ___'_ __ _ _(_)_ __  __ _ \ \ \ \
( ( )\___ | '_ | '_| | '_ \/ _` | \ \ \ \
 \\/  ___)| |_)| | | | | || (_| |  ) ) ) )
  '  |____| .__|_| |_|_| |_\__, | / / / /
 =========|_|==============|___/=/_/_/_/
 :: Spring Boot ::        (v2.1.1.RELEASE)

2019-04-03 19:33:21 INFO  p.p.book.BookControllerTest - Starting BookControllerTest on powiescdosukcesu.pl with PID 6952 (started by robertdev in /home/robertdev/Downloads/PowiescAPI-master/powiesciREST)
2019-04-03 19:33:21 INFO  p.p.book.BookControllerTest - No active profile set, falling back to default profiles: default
2019-04-03 19:33:21 INFO  o.s.c.s.PostProcessorRegistrationDelegate$BeanPostProcessorChecker - Bean 'org.springframework.security.config.annotation.configuration.ObjectPostProcessorConfiguration' of type [org.springframework.security.config.annotation.configuration.ObjectPostProcessorConfiguration$$EnhancerBySpringCGLIB$$d7ae8f91] is not eligible for getting processed by all BeanPostProcessors (for example: not eligible for auto-proxying)
2019-04-03 19:33:21 INFO  o.s.c.s.PostProcessorRegistrationDelegate$BeanPostProcessorChecker - Bean 'objectPostProcessor' of type [org.springframework.security.config.annotation.configuration.AutowireBeanFactoryObjectPostProcessor] is not eligible for getting processed by all BeanPostProcessors (for example: not eligible for auto-proxying)
2019-04-03 19:33:21 INFO  o.s.c.s.PostProcessorRegistrationDelegate$BeanPostProcessorChecker - Bean 'org.springframework.security.access.expression.method.DefaultMethodSecurityExpressionHandler@6af447b6' of type [org.springframework.security.access.expression.method.DefaultMethodSecurityExpressionHandler] is not eligible for getting processed by all BeanPostProcessors (for example: not eligible for auto-proxying)
2019-04-03 19:33:21 INFO  o.s.c.s.PostProcessorRegistrationDelegate$BeanPostProcessorChecker - Bean 'org.springframework.security.config.annotation.method.configuration.GlobalMethodSecurityConfiguration' of type [org.springframework.security.config.annotation.method.configuration.GlobalMethodSecurityConfiguration$$EnhancerBySpringCGLIB$$fc833243] is not eligible for getting processed by all BeanPostProcessors (for example: not eligible for auto-proxying)
2019-04-03 19:33:21 INFO  o.s.c.s.PostProcessorRegistrationDelegate$BeanPostProcessorChecker - Bean 'methodSecurityMetadataSource' of type [org.springframework.security.access.method.DelegatingMethodSecurityMetadataSource] is not eligible for getting processed by all BeanPostProcessors (for example: not eligible for auto-proxying)
2019-04-03 19:33:21 INFO  o.s.c.s.PostProcessorRegistrationDelegate$BeanPostProcessorChecker - Bean 'org.springframework.hateoas.config.HateoasConfiguration' of type [org.springframework.hateoas.config.HateoasConfiguration$$EnhancerBySpringCGLIB$$be811489] is not eligible for getting processed by all BeanPostProcessors (for example: not eligible for auto-proxying)
2019-04-03 19:33:21 INFO  o.s.s.web.DefaultSecurityFilterChain - Creating filter chain: any request, [org.springframework.security.web.context.request.async.WebAsyncManagerIntegrationFilter@28d07fa4, org.springframework.security.web.context.SecurityContextPersistenceFilter@2845fd12, org.springframework.security.web.header.HeaderWriterFilter@26a5007, org.springframework.web.filter.CorsFilter@298990ab, org.springframework.security.web.authentication.logout.LogoutFilter@6089c1e3, pl.powiescdosukcesu.security.JwtAuthenticationFilter@247added, org.springframework.security.web.savedrequest.RequestCacheAwareFilter@6c366d3, org.springframework.security.web.servletapi.SecurityContextHolderAwareRequestFilter@5679e464, org.springframework.security.web.authentication.AnonymousAuthenticationFilter@6fc44cb6, org.springframework.security.web.session.SessionManagementFilter@4d4f6121, org.springframework.security.web.access.ExceptionTranslationFilter@50dfceff, org.springframework.security.web.access.intercept.FilterSecurityInterceptor@7beb2bc2]
2019-04-03 19:33:22 INFO  o.s.s.c.ThreadPoolTaskExecutor - Initializing ExecutorService 'applicationTaskExecutor'
2019-04-03 19:33:22 WARN  o.s.b.a.t.ThymeleafAutoConfiguration$DefaultTemplateResolverConfiguration - Cannot find template location: classpath:/templates/ (please add some templates or check your Thymeleaf configuration)
2019-04-03 19:33:22 INFO  o.s.b.t.m.w.SpringBootMockServletContext - Initializing Spring TestDispatcherServlet ''
2019-04-03 19:33:22 INFO  o.s.t.w.s.TestDispatcherServlet - Initializing Servlet ''
2019-04-03 19:33:22 INFO  o.s.t.w.s.TestDispatcherServlet - Completed initialization in 10 ms
2019-04-03 19:33:22 INFO  p.p.book.BookControllerTest - Started BookControllerTest in 0.831 seconds (JVM running for 8.712)
2019-04-03 19:33:22 INFO  o.s.b.t.m.w.SpringBootMockServletContext - Initializing Spring TestDispatcherServlet ''
2019-04-03 19:33:22 INFO  o.s.t.w.s.TestDispatcherServlet - Initializing Servlet ''
2019-04-03 19:33:22 INFO  o.s.t.w.s.TestDispatcherServlet - Completed initialization in 2 ms
]]></system-out>
  </testcase>
  <testcase name="whenUserNotOwnerOfBookThenCantDeleteOrUpdateBook" classname="pl.powiescdosukcesu.book.BookControllerTest" time="0.015">
    <failure message="Status expected:&lt;403&gt; but was:&lt;404&gt;" type="java.lang.AssertionError"><![CDATA[java.lang.AssertionError: Status expected:<403> but was:<404>
	at pl.powiescdosukcesu.book.BookControllerTest.whenUserNotOwnerOfBookThenCantDeleteOrUpdateBook(BookControllerTest.java:90)
]]></failure>
    <system-out><![CDATA[2019-04-03 19:33:22 INFO  o.s.b.t.m.w.SpringBootMockServletContext - Initializing Spring TestDispatcherServlet ''
2019-04-03 19:33:22 INFO  o.s.t.w.s.TestDispatcherServlet - Initializing Servlet ''
2019-04-03 19:33:22 INFO  o.s.t.w.s.TestDispatcherServlet - Completed initialization in 2 ms
]]></system-out>
  </testcase>
  <testcase name="whenUserOwnerOfBookThenCanDeleteAndUpdateBook" classname="pl.powiescdosukcesu.book.BookControllerTest" time="0.009">
    <failure message="Status expected:&lt;200&gt; but was:&lt;404&gt;" type="java.lang.AssertionError"><![CDATA[java.lang.AssertionError: Status expected:<200> but was:<404>
	at pl.powiescdosukcesu.book.BookControllerTest.whenUserOwnerOfBookThenCanDeleteAndUpdateBook(BookControllerTest.java:108)
]]></failure>
    <system-out><![CDATA[2019-04-03 19:33:22 INFO  o.s.b.t.m.w.SpringBootMockServletContext - Initializing Spring TestDispatcherServlet ''
2019-04-03 19:33:22 INFO  o.s.t.w.s.TestDispatcherServlet - Initializing Servlet ''
2019-04-03 19:33:22 INFO  o.s.t.w.s.TestDispatcherServlet - Completed initialization in 2 ms
]]></system-out>
  </testcase>
  <testcase name="whenBookNotValidThenSaveBookAndUpdateBookShouldReturnBadRequest" classname="pl.powiescdosukcesu.book.BookControllerTest" time="0.008">
    <failure message="Status expected:&lt;400&gt; but was:&lt;404&gt;" type="java.lang.AssertionError"><![CDATA[java.lang.AssertionError: Status expected:<400> but was:<404>
	at pl.powiescdosukcesu.book.BookControllerTest.whenBookNotValidThenSaveBookAndUpdateBookShouldReturnBadRequest(BookControllerTest.java:138)
]]></failure>
    <system-out><![CDATA[2019-04-03 19:33:22 INFO  o.s.b.t.m.w.SpringBootMockServletContext - Initializing Spring TestDispatcherServlet ''
2019-04-03 19:33:22 INFO  o.s.t.w.s.TestDispatcherServlet - Initializing Servlet ''
2019-04-03 19:33:22 INFO  o.s.t.w.s.TestDispatcherServlet - Completed initialization in 2 ms
]]></system-out>
  </testcase>
  <testcase name="contextLoads" classname="pl.powiescdosukcesu.book.BookControllerTest" time="0.006"/>
  <testcase name="whenNoBooksFoundWithGivenKeywordThenShouldReturnNotFoundStatus" classname="pl.powiescdosukcesu.book.BookControllerTest" time="0.012"/>
</testsuite>